Using pre-set license
Built from '2022.3/staging' branch; Version is '2022.3.56f1 (dd0c98481d00) revision 14486680'; Using compiler version '192829333'; Build Type 'Release'
OS: 'Windows 11  (10.0.26100) 64bit Core' Language: 'uk' Physical Memory: 24283 MB
BatchMode: 1, IsHumanControllingUs: 0, StartBugReporterOnCrash: 0, Is64bit: 1, IsPro: 1

COMMAND LINE ARGUMENTS:
D:\UnityHub\Editor\2022.3.56f1\Editor\Unity.exe
-adb2
-batchMode
-noUpm
-name
AssetImportWorker3
-projectPath
D:/GameDev Uni/GameDev-Uni-Project
-logFile
Logs/AssetImportWorker3.log
-srvPort
56939
Successfully changed project path to: D:/GameDev Uni/GameDev-Uni-Project
D:/GameDev Uni/GameDev-Uni-Project
[UnityMemory] Configuration Parameters - Can be set up in boot.config
    "memorysetup-bucket-allocator-granularity=16"
    "memorysetup-bucket-allocator-bucket-count=8"
    "memorysetup-bucket-allocator-block-size=33554432"
    "memorysetup-bucket-allocator-block-count=8"
    "memorysetup-main-allocator-block-size=16777216"
    "memorysetup-thread-allocator-block-size=16777216"
    "memorysetup-gfx-main-allocator-block-size=16777216"
    "memorysetup-gfx-thread-allocator-block-size=16777216"
    "memorysetup-cache-allocator-block-size=4194304"
    "memorysetup-typetree-allocator-block-size=2097152"
    "memorysetup-profiler-bucket-allocator-granularity=16"
    "memorysetup-profiler-bucket-allocator-bucket-count=8"
    "memorysetup-profiler-bucket-allocator-block-size=33554432"
    "memorysetup-profiler-bucket-allocator-block-count=8"
    "memorysetup-profiler-allocator-block-size=16777216"
    "memorysetup-profiler-editor-allocator-block-size=1048576"
    "memorysetup-temp-allocator-size-main=16777216"
    "memorysetup-job-temp-allocator-block-size=2097152"
    "memorysetup-job-temp-allocator-block-size-background=1048576"
    "memorysetup-job-temp-allocator-reduction-small-platforms=262144"
    "memorysetup-allocator-temp-initial-block-size-main=262144"
    "memorysetup-allocator-temp-initial-block-size-worker=262144"
    "memorysetup-temp-allocator-size-background-worker=32768"
    "memorysetup-temp-allocator-size-job-worker=262144"
    "memorysetup-temp-allocator-size-preload-manager=33554432"
    "memorysetup-temp-allocator-size-nav-mesh-worker=65536"
    "memorysetup-temp-allocator-size-audio-worker=65536"
    "memorysetup-temp-allocator-size-cloud-worker=32768"
    "memorysetup-temp-allocator-size-gi-baking-worker=262144"
    "memorysetup-temp-allocator-size-gfx=262144"
Player connection [33316]  Target information:

Player connection [33316]  * "[IP] 172.30.80.1 [Port] 0 [Flags] 2 [Guid] 765139838 [EditorId] 765139838 [Version] 1048832 [Id] WindowsEditor(7,DESKTOP-BRNFHF2) [Debug] 1 [PackageName] WindowsEditor [ProjectName] Editor" 

Player connection [33316]  * "[IP] 192.168.1.106 [Port] 0 [Flags] 2 [Guid] 765139838 [EditorId] 765139838 [Version] 1048832 [Id] WindowsEditor(7,DESKTOP-BRNFHF2) [Debug] 1 [PackageName] WindowsEditor [ProjectName] Editor" 

Player connection [33316] Host joined multi-casting on [225.0.0.222:54997]...
Player connection [33316] Host joined alternative multi-casting on [225.0.0.222:34997]...
Input System module state changed to: Initialized.
[PhysX] Initialized MultithreadedTaskDispatcher with 12 workers.
Refreshing native plugins compatible for Editor in 375.65 ms, found 4 plugins.
Preloading 0 native plugins for Editor in 0.00 ms.
Initialize engine version: 2022.3.56f1 (dd0c98481d00)
[Subsystems] Discovering subsystems at path D:/UnityHub/Editor/2022.3.56f1/Editor/Data/Resources/UnitySubsystems
[Subsystems] Discovering subsystems at path D:/GameDev Uni/GameDev-Uni-Project/Assets
GfxDevice: creating device client; threaded=0; jobified=0
Direct3D:
    Version:  Direct3D 11.0 [level 11.1]
    Renderer: NVIDIA GeForce RTX 3050 6GB Laptop GPU (ID=0x25ec)
    Vendor:   NVIDIA
    VRAM:     6002 MB
    Driver:   32.0.15.6626
Initialize mono
Mono path[0] = 'D:/UnityHub/Editor/2022.3.56f1/Editor/Data/Managed'
Mono path[1] = 'D:/UnityHub/Editor/2022.3.56f1/Editor/Data/MonoBleedingEdge/lib/mono/unityjit-win32'
Mono config path = 'D:/UnityHub/Editor/2022.3.56f1/Editor/Data/MonoBleedingEdge/etc'
Using monoOptions --debugger-agent=transport=dt_socket,embedding=1,server=y,suspend=n,address=127.0.0.1:56384
Begin MonoManager ReloadAssembly
Registering precompiled unity dll's ...
Register platform support module: D:/UnityHub/Editor/2022.3.56f1/Editor/Data/PlaybackEngines/WindowsStandaloneSupport/UnityEditor.WindowsStandalone.Extensions.dll
Registered in 0.005165 seconds.
- Loaded All Assemblies, in  0.777 seconds
Native extension for WindowsStandalone target not found
Mono: successfully reloaded assembly
- Finished resetting the current domain, in  0.345 seconds
Domain Reload Profiling: 1122ms
	BeginReloadAssembly (239ms)
		ExecutionOrderSort (0ms)
		DisableScriptedObjects (0ms)
		BackupInstance (0ms)
		ReleaseScriptingObjects (0ms)
		CreateAndSetChildDomain (1ms)
	RebuildCommonClasses (30ms)
	RebuildNativeTypeToScriptingClass (8ms)
	initialDomainReloadingComplete (51ms)
	LoadAllAssembliesAndSetupDomain (449ms)
		LoadAssemblies (239ms)
		RebuildTransferFunctionScriptingTraits (0ms)
		AnalyzeDomain (447ms)
			TypeCache.Refresh (445ms)
				TypeCache.ScanAssembly (432ms)
			ScanForSourceGeneratedMonoScriptInfo (0ms)
			ResolveRequiredComponents (1ms)
	FinalizeReload (345ms)
		ReleaseScriptCaches (0ms)
		RebuildScriptCaches (0ms)
		SetupLoadedEditorAssemblies (301ms)
			LogAssemblyErrors (0ms)
			InitializePlatformSupportModulesInManaged (7ms)
			SetLoadedEditorAssemblies (7ms)
			RefreshPlugins (0ms)
			BeforeProcessingInitializeOnLoad (2ms)
			ProcessInitializeOnLoadAttributes (146ms)
			ProcessInitializeOnLoadMethodAttributes (139ms)
			AfterProcessingInitializeOnLoad (0ms)
			EditorAssembliesLoaded (0ms)
		ExecutionOrderSort2 (0ms)
		AwakeInstancesAfterBackupRestoration (0ms)
========================================================================
Worker process is ready to serve import requests
Caller must complete domain reload
Begin MonoManager ReloadAssembly
- Loaded All Assemblies, in  1.055 seconds
Native extension for WindowsStandalone target not found
Mono: successfully reloaded assembly
- Finished resetting the current domain, in  0.984 seconds
Domain Reload Profiling: 2038ms
	BeginReloadAssembly (126ms)
		ExecutionOrderSort (0ms)
		DisableScriptedObjects (5ms)
		BackupInstance (0ms)
		ReleaseScriptingObjects (0ms)
		CreateAndSetChildDomain (20ms)
	RebuildCommonClasses (31ms)
	RebuildNativeTypeToScriptingClass (9ms)
	initialDomainReloadingComplete (40ms)
	LoadAllAssembliesAndSetupDomain (848ms)
		LoadAssemblies (587ms)
		RebuildTransferFunctionScriptingTraits (0ms)
		AnalyzeDomain (328ms)
			TypeCache.Refresh (256ms)
				TypeCache.ScanAssembly (168ms)
			ScanForSourceGeneratedMonoScriptInfo (54ms)
			ResolveRequiredComponents (16ms)
	FinalizeReload (985ms)
		ReleaseScriptCaches (0ms)
		RebuildScriptCaches (0ms)
		SetupLoadedEditorAssemblies (831ms)
			LogAssemblyErrors (0ms)
			InitializePlatformSupportModulesInManaged (4ms)
			SetLoadedEditorAssemblies (4ms)
			RefreshPlugins (0ms)
			BeforeProcessingInitializeOnLoad (62ms)
			ProcessInitializeOnLoadAttributes (671ms)
			ProcessInitializeOnLoadMethodAttributes (87ms)
			AfterProcessingInitializeOnLoad (1ms)
			EditorAssembliesLoaded (0ms)
		ExecutionOrderSort2 (0ms)
		AwakeInstancesAfterBackupRestoration (5ms)
Launched and connected shader compiler UnityShaderCompiler.exe after 0.17 seconds
Refreshing native plugins compatible for Editor in 2.51 ms, found 4 plugins.
Preloading 0 native plugins for Editor in 0.00 ms.
Unloading 5707 Unused Serialized files (Serialized files now loaded: 0)
Unloading 50 unused Assets / (0.8 MB). Loaded Objects now: 6172.
Memory consumption went from 203.4 MB to 202.6 MB.
Total: 3.699900 ms (FindLiveObjects: 0.338100 ms CreateObjectMapping: 0.227100 ms MarkObjects: 2.772000 ms  DeleteObjects: 0.361700 ms)

AssetImportParameters requested are different than current active one (requested -> active):
  custom:container-demuxer-ogg: 62fdf1f143b41e24485cea50d1cbac27 -> 
  custom:video-codec-MediaFoundation-h265: 746d11721c4dcdbdad8f713fa42b33f4 -> 
  custom:video-decoder-ogg-theora: a1e56fd34408186e4bbccfd4996cb3dc -> 
  custom:framework-win-MediaFoundation: 216162199b28c13a410421893ffa2e32 -> 
  custom:CustomObjectIndexerAttribute: 72b91833f83ae208fae7752999fa3104 -> 
  custom:container-demuxer-webm: 4f35f7cbe854078d1ac9338744f61a02 -> 
  custom:container-muxer-webm: aa71ff27fc2769a1b78a27578f13a17b -> 
  custom:video-decoder-webm-vp8: 9c59270c3fd7afecdb556c50c9e8de78 -> 
  custom:SearchIndexIgnoredProperties: e643bd26f0fe6173181afceb89e7c659 -> 
  custom:AudioImporter_EditorPlatform: d09bf68614088b80899f8185d706f6e7 -> 
  custom:video-encoder-webm-vp8: eb34c28f22e8b96e1ab97ce403110664 -> 
  custom:audio-decoder-ogg-vorbis: bf7c407c2cedff20999df2af8eb42d56 -> 
  custom:audio-encoder-webm-vorbis: bf7c407c2cedff20999df2af8eb42d56 -> 
========================================================================
Received Prepare
Switching render pipeline 00000000000000000000000000000000 -> 09e0431f8ea8a1440a63d9a73cfc96fb
Refreshing native plugins compatible for Editor in 1.92 ms, found 4 plugins.
Preloading 0 native plugins for Editor in 0.00 ms.
Unloading 59 Unused Serialized files (Serialized files now loaded: 0)
Unloading 7 unused Assets / (0.8 MB). Loaded Objects now: 6225.
Memory consumption went from 104.3 MB to 103.5 MB.
Total: 3.712600 ms (FindLiveObjects: 0.496400 ms CreateObjectMapping: 0.203900 ms MarkObjects: 2.718500 ms  DeleteObjects: 0.292600 ms)

Prepare: number of updated asset objects reloaded= 0
AssetImportParameters requested are different than current active one (requested -> active):
  custom:container-demuxer-ogg: 62fdf1f143b41e24485cea50d1cbac27 -> 
  custom:video-codec-MediaFoundation-h265: 746d11721c4dcdbdad8f713fa42b33f4 -> 
  custom:video-decoder-ogg-theora: a1e56fd34408186e4bbccfd4996cb3dc -> 
  custom:framework-win-MediaFoundation: 216162199b28c13a410421893ffa2e32 -> 
  custom:CustomObjectIndexerAttribute: 72b91833f83ae208fae7752999fa3104 -> 
  custom:container-demuxer-webm: 4f35f7cbe854078d1ac9338744f61a02 -> 
  custom:container-muxer-webm: aa71ff27fc2769a1b78a27578f13a17b -> 
  custom:video-decoder-webm-vp8: 9c59270c3fd7afecdb556c50c9e8de78 -> 
  custom:SearchIndexIgnoredProperties: e643bd26f0fe6173181afceb89e7c659 -> 
  custom:AudioImporter_EditorPlatform: d09bf68614088b80899f8185d706f6e7 -> 
  custom:video-encoder-webm-vp8: eb34c28f22e8b96e1ab97ce403110664 -> 
  custom:audio-decoder-ogg-vorbis: bf7c407c2cedff20999df2af8eb42d56 -> 
  custom:audio-encoder-webm-vorbis: bf7c407c2cedff20999df2af8eb42d56 -> 
========================================================================
Received Import Request.
  Time since last request: 1014637.350729 seconds.
  path: Assets/back_cave.png
  artifactKey: Guid(55086a16a7639f3449608f1abd152a57) Importer(815301076,1909f56bfc062723c751e8b465ee728b)
Start importing Assets/back_cave.png using Guid(55086a16a7639f3449608f1abd152a57) Importer(815301076,1909f56bfc062723c751e8b465ee728b) [PhysX] Initialized MultithreadedTaskDispatcher with 12 workers.
[PhysX] Initialized MultithreadedTaskDispatcher with 12 workers.
 -> (artifact id: '79732c0ab339ffa0b4dae5e379050843') in 0.136798 seconds
Number of updated asset objects reloaded before import = 0
Number of asset objects unloaded after import = 3
========================================================================
Received Import Request.
  Time since last request: 176.206252 seconds.
  path: Assets/tileset/inca_back.png
  artifactKey: Guid(72abbfadd7eb5d94b995bf1d5ad52043) Importer(815301076,1909f56bfc062723c751e8b465ee728b)
Start importing Assets/tileset/inca_back.png using Guid(72abbfadd7eb5d94b995bf1d5ad52043) Importer(815301076,1909f56bfc062723c751e8b465ee728b) [PhysX] Initialized MultithreadedTaskDispatcher with 12 workers.
[PhysX] Initialized MultithreadedTaskDispatcher with 12 workers.
 -> (artifact id: 'b89a3c3e075c8f197ef03cad58af11ae') in 0.044690 seconds
Number of updated asset objects reloaded before import = 0
Number of asset objects unloaded after import = 3
========================================================================
Received Import Request.
  Time since last request: 0.257755 seconds.
  path: Assets/tileset/inca_back2_1.asset
  artifactKey: Guid(69de5bec6a54d7043a7f19949e77b5a8) Importer(815301076,1909f56bfc062723c751e8b465ee728b)
Start importing Assets/tileset/inca_back2_1.asset using Guid(69de5bec6a54d7043a7f19949e77b5a8) Importer(815301076,1909f56bfc062723c751e8b465ee728b) [PhysX] Initialized MultithreadedTaskDispatcher with 12 workers.
 -> (artifact id: 'edc12abd8215037e0388e981cd5e4c73') in 0.045076 seconds
Number of updated asset objects reloaded before import = 0
Number of asset objects unloaded after import = 3
========================================================================
Received Import Request.
  Time since last request: 0.000023 seconds.
  path: Assets/tileset/inca_back2_10.asset
  artifactKey: Guid(c14d02445864963469b9b8c2bf7c87c5) Importer(815301076,1909f56bfc062723c751e8b465ee728b)
Start importing Assets/tileset/inca_back2_10.asset using Guid(c14d02445864963469b9b8c2bf7c87c5) Importer(815301076,1909f56bfc062723c751e8b465ee728b) [PhysX] Initialized MultithreadedTaskDispatcher with 12 workers.
 -> (artifact id: 'bb1073ae1990fcdefae4f4eceb71da22') in 0.042145 seconds
Number of updated asset objects reloaded before import = 0
Number of asset objects unloaded after import = 3
========================================================================
Received Import Request.
  Time since last request: 0.001256 seconds.
  path: Assets/tileset/inca_back2_5.asset
  artifactKey: Guid(794e546d321326b41abc63adb770e94f) Importer(815301076,1909f56bfc062723c751e8b465ee728b)
Start importing Assets/tileset/inca_back2_5.asset using Guid(794e546d321326b41abc63adb770e94f) Importer(815301076,1909f56bfc062723c751e8b465ee728b) [PhysX] Initialized MultithreadedTaskDispatcher with 12 workers.
 -> (artifact id: '7fc4b5c46f5aede193476b589330064d') in 0.038980 seconds
Number of updated asset objects reloaded before import = 0
Number of asset objects unloaded after import = 3
========================================================================
Received Import Request.
  Time since last request: 0.000021 seconds.
  path: Assets/tileset/inca_back2_24.asset
  artifactKey: Guid(91b72fb3186bbae41905d17e1d296fea) Importer(815301076,1909f56bfc062723c751e8b465ee728b)
Start importing Assets/tileset/inca_back2_24.asset using Guid(91b72fb3186bbae41905d17e1d296fea) Importer(815301076,1909f56bfc062723c751e8b465ee728b) [PhysX] Initialized MultithreadedTaskDispatcher with 12 workers.
 -> (artifact id: '99d21a5f13fc185f66e16af6297ed6a4') in 0.028745 seconds
Number of updated asset objects reloaded before import = 0
Number of asset objects unloaded after import = 3
========================================================================
Received Import Request.
  Time since last request: 0.000022 seconds.
  path: Assets/tileset/inca_back2_26.asset
  artifactKey: Guid(bfc314ce408757e48b585eaf84610e08) Importer(815301076,1909f56bfc062723c751e8b465ee728b)
Start importing Assets/tileset/inca_back2_26.asset using Guid(bfc314ce408757e48b585eaf84610e08) Importer(815301076,1909f56bfc062723c751e8b465ee728b) [PhysX] Initialized MultithreadedTaskDispatcher with 12 workers.
 -> (artifact id: 'efdd4417c82927a868ee66b2c2d6a068') in 0.133323 seconds
Number of updated asset objects reloaded before import = 0
Number of asset objects unloaded after import = 3
========================================================================
Received Import Request.
  Time since last request: 0.000033 seconds.
  path: Assets/tileset/inca_back2_22.asset
  artifactKey: Guid(4d6fa669be91d9045982d15673f708ad) Importer(815301076,1909f56bfc062723c751e8b465ee728b)
Start importing Assets/tileset/inca_back2_22.asset using Guid(4d6fa669be91d9045982d15673f708ad) Importer(815301076,1909f56bfc062723c751e8b465ee728b) [PhysX] Initialized MultithreadedTaskDispatcher with 12 workers.
 -> (artifact id: 'a3b579acfd45b33ac5f3fda2f0fc6878') in 0.027644 seconds
Number of updated asset objects reloaded before import = 0
Number of asset objects unloaded after import = 3
========================================================================
Received Import Request.
  Time since last request: 0.000022 seconds.
  path: Assets/tileset/inca_back2_15.asset
  artifactKey: Guid(b27c74d2283768f4da76ff567b38bdad) Importer(815301076,1909f56bfc062723c751e8b465ee728b)
Start importing Assets/tileset/inca_back2_15.asset using Guid(b27c74d2283768f4da76ff567b38bdad) Importer(815301076,1909f56bfc062723c751e8b465ee728b) [PhysX] Initialized MultithreadedTaskDispatcher with 12 workers.
 -> (artifact id: 'a4e5a2a6fe7a467a31d92a89965b3777') in 0.036640 seconds
Number of updated asset objects reloaded before import = 0
Number of asset objects unloaded after import = 3
========================================================================
Received Import Request.
  Time since last request: 0.000029 seconds.
  path: Assets/tileset/inca_back2_11.asset
  artifactKey: Guid(ca4d4a71fcc903d4c8550cf31c9639dc) Importer(815301076,1909f56bfc062723c751e8b465ee728b)
Start importing Assets/tileset/inca_back2_11.asset using Guid(ca4d4a71fcc903d4c8550cf31c9639dc) Importer(815301076,1909f56bfc062723c751e8b465ee728b) [PhysX] Initialized MultithreadedTaskDispatcher with 12 workers.
 -> (artifact id: 'e3f4f7df05cab669090438bdb9ef89c3') in 0.036613 seconds
Number of updated asset objects reloaded before import = 0
Number of asset objects unloaded after import = 3
========================================================================
Received Import Request.
  Time since last request: 0.000019 seconds.
  path: Assets/tileset/inca_back2_7.asset
  artifactKey: Guid(27819f45bfa913641b8a3e6a802c8e18) Importer(815301076,1909f56bfc062723c751e8b465ee728b)
Start importing Assets/tileset/inca_back2_7.asset using Guid(27819f45bfa913641b8a3e6a802c8e18) Importer(815301076,1909f56bfc062723c751e8b465ee728b) [PhysX] Initialized MultithreadedTaskDispatcher with 12 workers.
 -> (artifact id: 'ac73456d91f1deb11caa1513c96b945c') in 0.025129 seconds
Number of updated asset objects reloaded before import = 0
Number of asset objects unloaded after import = 3
========================================================================
Received Import Request.
  Time since last request: 0.000022 seconds.
  path: Assets/tileset/inca_back2_12.asset
  artifactKey: Guid(e02ea225a6ef764469f80264cd78d46a) Importer(815301076,1909f56bfc062723c751e8b465ee728b)
Start importing Assets/tileset/inca_back2_12.asset using Guid(e02ea225a6ef764469f80264cd78d46a) Importer(815301076,1909f56bfc062723c751e8b465ee728b) [PhysX] Initialized MultithreadedTaskDispatcher with 12 workers.
 -> (artifact id: '30ca842e0ed789040da1775318ef5f41') in 0.027962 seconds
Number of updated asset objects reloaded before import = 0
Number of asset objects unloaded after import = 3
========================================================================
Received Import Request.
  Time since last request: 0.000022 seconds.
  path: Assets/tileset/inca_back2_19.asset
  artifactKey: Guid(5965e19e0fc6f4a41ac15264037fc3fa) Importer(815301076,1909f56bfc062723c751e8b465ee728b)
Start importing Assets/tileset/inca_back2_19.asset using Guid(5965e19e0fc6f4a41ac15264037fc3fa) Importer(815301076,1909f56bfc062723c751e8b465ee728b) [PhysX] Initialized MultithreadedTaskDispatcher with 12 workers.
 -> (artifact id: '43e0630cfd58615d7f4ddbded86a1613') in 0.025016 seconds
Number of updated asset objects reloaded before import = 0
Number of asset objects unloaded after import = 3
========================================================================
Received Import Request.
  Time since last request: 0.000018 seconds.
  path: Assets/tileset/inca_back2_3.asset
  artifactKey: Guid(85498c95a62a8cc4ba4aec4c00d8625b) Importer(815301076,1909f56bfc062723c751e8b465ee728b)
Start importing Assets/tileset/inca_back2_3.asset using Guid(85498c95a62a8cc4ba4aec4c00d8625b) Importer(815301076,1909f56bfc062723c751e8b465ee728b) [PhysX] Initialized MultithreadedTaskDispatcher with 12 workers.
 -> (artifact id: 'fd9d8dd88a4cdf14d9b1e704517bfa4a') in 0.021074 seconds
Number of updated asset objects reloaded before import = 0
Number of asset objects unloaded after import = 3
========================================================================
Received Import Request.
  Time since last request: 0.000030 seconds.
  path: Assets/tileset/inca_back2_9.asset
  artifactKey: Guid(0f042e9d6bd060b4bab115fc133301e6) Importer(815301076,1909f56bfc062723c751e8b465ee728b)
Start importing Assets/tileset/inca_back2_9.asset using Guid(0f042e9d6bd060b4bab115fc133301e6) Importer(815301076,1909f56bfc062723c751e8b465ee728b) [PhysX] Initialized MultithreadedTaskDispatcher with 12 workers.
 -> (artifact id: '603284b579109457ccd8a56cf942cfda') in 0.024418 seconds
Number of updated asset objects reloaded before import = 0
Number of asset objects unloaded after import = 3
========================================================================
Received Import Request.
  Time since last request: 0.000025 seconds.
  path: Assets/tileset/inca_back2_17.asset
  artifactKey: Guid(ad2d72ae284f0af4ab260ed0cd8b1703) Importer(815301076,1909f56bfc062723c751e8b465ee728b)
Start importing Assets/tileset/inca_back2_17.asset using Guid(ad2d72ae284f0af4ab260ed0cd8b1703) Importer(815301076,1909f56bfc062723c751e8b465ee728b) [PhysX] Initialized MultithreadedTaskDispatcher with 12 workers.
 -> (artifact id: '5d727547510bf4cf0ddf7210e95fbd0f') in 0.019530 seconds
Number of updated asset objects reloaded before import = 0
Number of asset objects unloaded after import = 3
========================================================================
Received Import Request.
  Time since last request: 0.000019 seconds.
  path: Assets/tileset/inca_back2_0.asset
  artifactKey: Guid(8b5257e13581d2e41816c540bc018fd9) Importer(815301076,1909f56bfc062723c751e8b465ee728b)
Start importing Assets/tileset/inca_back2_0.asset using Guid(8b5257e13581d2e41816c540bc018fd9) Importer(815301076,1909f56bfc062723c751e8b465ee728b) [PhysX] Initialized MultithreadedTaskDispatcher with 12 workers.
 -> (artifact id: '621ab4f47724624ff94ade3478877525') in 0.023536 seconds
Number of updated asset objects reloaded before import = 0
Number of asset objects unloaded after import = 3
========================================================================
Received Import Request.
  Time since last request: 0.000018 seconds.
  path: Assets/tileset/inca_back2_2.asset
  artifactKey: Guid(03194e54c44402b43bbeffc3f22f9de7) Importer(815301076,1909f56bfc062723c751e8b465ee728b)
Start importing Assets/tileset/inca_back2_2.asset using Guid(03194e54c44402b43bbeffc3f22f9de7) Importer(815301076,1909f56bfc062723c751e8b465ee728b) [PhysX] Initialized MultithreadedTaskDispatcher with 12 workers.
 -> (artifact id: 'db6b6cb82570c8cca650dd5280773e15') in 0.031417 seconds
Number of updated asset objects reloaded before import = 0
Number of asset objects unloaded after import = 3
========================================================================
Received Import Request.
  Time since last request: 0.000024 seconds.
  path: Assets/tileset/inca_back2.png
  artifactKey: Guid(18cf9d857ee87f54882a0e511536dd4c) Importer(815301076,1909f56bfc062723c751e8b465ee728b)
Start importing Assets/tileset/inca_back2.png using Guid(18cf9d857ee87f54882a0e511536dd4c) Importer(815301076,1909f56bfc062723c751e8b465ee728b) [PhysX] Initialized MultithreadedTaskDispatcher with 12 workers.
[PhysX] Initialized MultithreadedTaskDispatcher with 12 workers.
 -> (artifact id: 'e28cc9bec9555b3ef730c156452ee8f0') in 0.407870 seconds
Number of updated asset objects reloaded before import = 0
Number of asset objects unloaded after import = 142
========================================================================
Received Import Request.
  Time since last request: 0.000032 seconds.
  path: Assets/tileset/inca_back2_25.asset
  artifactKey: Guid(7c1bf6ee35567644ab7e05749849023c) Importer(815301076,1909f56bfc062723c751e8b465ee728b)
Start importing Assets/tileset/inca_back2_25.asset using Guid(7c1bf6ee35567644ab7e05749849023c) Importer(815301076,1909f56bfc062723c751e8b465ee728b) [PhysX] Initialized MultithreadedTaskDispatcher with 12 workers.
 -> (artifact id: '1ca5a3a448d5743ff8cb076fc1e6c118') in 0.059097 seconds
Number of updated asset objects reloaded before import = 0
Number of asset objects unloaded after import = 3
========================================================================
Received Import Request.
  Time since last request: 0.000036 seconds.
  path: Assets/tileset/inca_back2_27.asset
  artifactKey: Guid(446cebfa3991fdc4f9bd191a99f2dc76) Importer(815301076,1909f56bfc062723c751e8b465ee728b)
Start importing Assets/tileset/inca_back2_27.asset using Guid(446cebfa3991fdc4f9bd191a99f2dc76) Importer(815301076,1909f56bfc062723c751e8b465ee728b) [PhysX] Initialized MultithreadedTaskDispatcher with 12 workers.
 -> (artifact id: '40a0a8acba85944a7445dfbe744764ac') in 0.025768 seconds
Number of updated asset objects reloaded before import = 0
Number of asset objects unloaded after import = 3
========================================================================
Received Import Request.
  Time since last request: 0.000018 seconds.
  path: Assets/tileset/inca_back2_8.asset
  artifactKey: Guid(85db8d75e3c53b74f99b0be457ca4df7) Importer(815301076,1909f56bfc062723c751e8b465ee728b)
Start importing Assets/tileset/inca_back2_8.asset using Guid(85db8d75e3c53b74f99b0be457ca4df7) Importer(815301076,1909f56bfc062723c751e8b465ee728b) [PhysX] Initialized MultithreadedTaskDispatcher with 12 workers.
 -> (artifact id: '6185649e8ee0cd689c5eb6d90d905386') in 0.020202 seconds
Number of updated asset objects reloaded before import = 0
Number of asset objects unloaded after import = 3
========================================================================
Received Import Request.
  Time since last request: 0.000022 seconds.
  path: Assets/tileset/inca_back2_4.asset
  artifactKey: Guid(c367da0b9901d514c92cd9b470365b6c) Importer(815301076,1909f56bfc062723c751e8b465ee728b)
Start importing Assets/tileset/inca_back2_4.asset using Guid(c367da0b9901d514c92cd9b470365b6c) Importer(815301076,1909f56bfc062723c751e8b465ee728b) [PhysX] Initialized MultithreadedTaskDispatcher with 12 workers.
 -> (artifact id: 'ff6ad027c808c74b9603eeb1a13a1369') in 0.024383 seconds
Number of updated asset objects reloaded before import = 0
Number of asset objects unloaded after import = 3
========================================================================
Received Import Request.
  Time since last request: 0.000026 seconds.
  path: Assets/tileset/inca_back2_14.asset
  artifactKey: Guid(12186ea80b793aa4692a17ba43e53cbe) Importer(815301076,1909f56bfc062723c751e8b465ee728b)
Start importing Assets/tileset/inca_back2_14.asset using Guid(12186ea80b793aa4692a17ba43e53cbe) Importer(815301076,1909f56bfc062723c751e8b465ee728b) [PhysX] Initialized MultithreadedTaskDispatcher with 12 workers.
 -> (artifact id: '3ac39249f64662856dad456de980a032') in 0.051683 seconds
Number of updated asset objects reloaded before import = 0
Number of asset objects unloaded after import = 3
========================================================================
Received Import Request.
  Time since last request: 0.000020 seconds.
  path: Assets/tileset/inca_back2_18.asset
  artifactKey: Guid(d6423ad81eb906d4481049ca22edcfaa) Importer(815301076,1909f56bfc062723c751e8b465ee728b)
Start importing Assets/tileset/inca_back2_18.asset using Guid(d6423ad81eb906d4481049ca22edcfaa) Importer(815301076,1909f56bfc062723c751e8b465ee728b) [PhysX] Initialized MultithreadedTaskDispatcher with 12 workers.
 -> (artifact id: 'c272b6a770aa29fdef64d39786c8d143') in 0.026999 seconds
Number of updated asset objects reloaded before import = 0
Number of asset objects unloaded after import = 3
========================================================================
Received Import Request.
  Time since last request: 0.000021 seconds.
  path: Assets/tileset/inca_back2_13.asset
  artifactKey: Guid(efc43da101f85094589191684dc7c257) Importer(815301076,1909f56bfc062723c751e8b465ee728b)
Start importing Assets/tileset/inca_back2_13.asset using Guid(efc43da101f85094589191684dc7c257) Importer(815301076,1909f56bfc062723c751e8b465ee728b) [PhysX] Initialized MultithreadedTaskDispatcher with 12 workers.
 -> (artifact id: 'df447a126c28226abe7c3612aef1c2f7') in 0.015048 seconds
Number of updated asset objects reloaded before import = 0
Number of asset objects unloaded after import = 3
========================================================================
Received Import Request.
  Time since last request: 0.000022 seconds.
  path: Assets/tileset/inca_back2_20.asset
  artifactKey: Guid(770e0109edb13044888736f340bfd282) Importer(815301076,1909f56bfc062723c751e8b465ee728b)
Start importing Assets/tileset/inca_back2_20.asset using Guid(770e0109edb13044888736f340bfd282) Importer(815301076,1909f56bfc062723c751e8b465ee728b) [PhysX] Initialized MultithreadedTaskDispatcher with 12 workers.
 -> (artifact id: 'c51b5d9c48ed1b5c18e070670e1fcb02') in 0.021056 seconds
Number of updated asset objects reloaded before import = 0
Number of asset objects unloaded after import = 3
========================================================================
Received Import Request.
  Time since last request: 0.000027 seconds.
  path: Assets/tileset/inca_back2_6.asset
  artifactKey: Guid(665c4e3d00a50524eb604723fa564ca4) Importer(815301076,1909f56bfc062723c751e8b465ee728b)
Start importing Assets/tileset/inca_back2_6.asset using Guid(665c4e3d00a50524eb604723fa564ca4) Importer(815301076,1909f56bfc062723c751e8b465ee728b) [PhysX] Initialized MultithreadedTaskDispatcher with 12 workers.
 -> (artifact id: 'f727065426ca27d27683e700467133fb') in 0.021276 seconds
Number of updated asset objects reloaded before import = 0
Number of asset objects unloaded after import = 3
========================================================================
Received Import Request.
  Time since last request: 0.000031 seconds.
  path: Assets/tileset/inca_back2_23.asset
  artifactKey: Guid(8ee4eb8b01b6c984c8ac745568eb010a) Importer(815301076,1909f56bfc062723c751e8b465ee728b)
Start importing Assets/tileset/inca_back2_23.asset using Guid(8ee4eb8b01b6c984c8ac745568eb010a) Importer(815301076,1909f56bfc062723c751e8b465ee728b) [PhysX] Initialized MultithreadedTaskDispatcher with 12 workers.
 -> (artifact id: '6dcf7f46043cd7f3093b42f433ca4897') in 0.017953 seconds
Number of updated asset objects reloaded before import = 0
Number of asset objects unloaded after import = 3
========================================================================
Received Import Request.
  Time since last request: 0.000022 seconds.
  path: Assets/tileset/inca_back2_21.asset
  artifactKey: Guid(3ff5ab2c78969054c92295fed4c336f6) Importer(815301076,1909f56bfc062723c751e8b465ee728b)
Start importing Assets/tileset/inca_back2_21.asset using Guid(3ff5ab2c78969054c92295fed4c336f6) Importer(815301076,1909f56bfc062723c751e8b465ee728b) [PhysX] Initialized MultithreadedTaskDispatcher with 12 workers.
 -> (artifact id: '4da715ea8b9d2ed605fce8c0332ef40e') in 0.019891 seconds
Number of updated asset objects reloaded before import = 0
Number of asset objects unloaded after import = 3
========================================================================
Received Import Request.
  Time since last request: 0.000023 seconds.
  path: Assets/tileset/inca_back2_16.asset
  artifactKey: Guid(7b6f34816954d5a4c9a75369a5a9eb5b) Importer(815301076,1909f56bfc062723c751e8b465ee728b)
Start importing Assets/tileset/inca_back2_16.asset using Guid(7b6f34816954d5a4c9a75369a5a9eb5b) Importer(815301076,1909f56bfc062723c751e8b465ee728b) [PhysX] Initialized MultithreadedTaskDispatcher with 12 workers.
 -> (artifact id: 'd4867108a832e8beb0ef1b6c02534f8d') in 0.016789 seconds
Number of updated asset objects reloaded before import = 0
Number of asset objects unloaded after import = 3
Editor requested this worker to shutdown with reason: Scaling down because of idle timeout
TcpMessagingSession - receive error: operation aborted. errorcode: 995, details: The I/O operation has been aborted because of either a thread exit or an application request.
AssetImportWorker is now disconnected from the server
Process exiting
Exiting without the bug reporter. Application will terminate with return code 0